<?xml version="1.0" encoding="UTF-8"?>
<!-- Generated by org.testng.reporters.JUnitReportReporter -->
<testsuite hostname="DESKTOP-1TD6IV9" failures="0" tests="3" name="Maven_Practice.DeleteTest" time="0.010" errors="0" timestamp="2023-01-18T17:58:53 IST" skipped="0">
  <testcase classname="Maven_Practice.DeleteTest" name="create" time="0.007"/>
  <system-out/>
  <testcase classname="Maven_Practice.DeleteTest" name="delete" time="0.002"/>
  <system-out/>
  <testcase classname="Maven_Practice.DeleteTest" name="update" time="0.001"/>
  <system-out/>
</testsuite> <!-- Maven_Practice.DeleteTest -->
