<?xml version="1.0" encoding="UTF-8"?>
<!-- Generated by org.testng.reporters.JUnitReportReporter -->
<testsuite hostname="DESKTOP-CMKOKBU" failures="0" tests="1" name="Maven_Practice.CreateOrg" time="7.949" errors="0" timestamp="2023-01-18T12:34:33 IST" skipped="0">
  <testcase classname="Maven_Practice.CreateOrg" name="connectDb" time="7.949"/>
  <system-out/>
</testsuite> <!-- Maven_Practice.CreateOrg -->
